<?xml version="1.0" encoding="utf-8"?><testsuites name="pytest tests"><testsuite name="pytest" errors="0" failures="3" skipped="1" tests="77" time="27.415" timestamp="2026-02-13T07:11:54.590595+00:00" hostname="agent-env-b8f11497-7758-4909-9bb5-07c05034c0aa"><testcase classname="backend.tests.test_hotel_pms_api.TestHealthCheck" name="test_health_endpoint" time="0.058" /><testcase classname="backend.tests.test_hotel_pms_api.TestAuthentication" name="test_login_admin_success" time="0.265" /><testcase classname="backend.tests.test_hotel_pms_api.TestAuthentication" name="test_login_receptionist_success" time="0.263" /><testcase classname="backend.tests.test_hotel_pms_api.TestAuthentication" name="test_login_housekeeping_success" time="0.259" /><testcase classname="backend.tests.test_hotel_pms_api.TestAuthentication" name="test_login_invalid_credentials" time="0.261" /><testcase classname="backend.tests.test_hotel_pms_api.TestAuthentication" name="test_login_nonexistent_user" time="0.039" /><testcase classname="backend.tests.test_hotel_pms_api.TestAuthentication" name="test_me_endpoint_with_token" time="0.340" /><testcase classname="backend.tests.test_hotel_pms_api.TestAuthentication" name="test_me_endpoint_without_token" time="0.037" /><testcase classname="backend.tests.test_hotel_pms_api.TestRoomTypes" name="test_list_room_types" time="0.296" /><testcase classname="backend.tests.test_hotel_pms_api.TestRoomTypes" name="test_room_types_have_expected_names" time="0.300" /><testcase classname="backend.tests.test_hotel_pms_api.TestRooms" name="test_list_rooms" time="0.300" /><testcase classname="backend.tests.test_hotel_pms_api.TestRooms" name="test_rooms_have_required_fields" time="0.306" /><testcase classname="backend.tests.test_hotel_pms_api.TestRooms" name="test_filter_rooms_by_floor" time="0.301" /><testcase classname="backend.tests.test_hotel_pms_api.TestRooms" name="test_filter_rooms_by_housekeeping_status" time="0.293" /><testcase classname="backend.tests.test_hotel_pms_api.TestDashboard" name="test_dashboard_kpis" time="0.312" /><testcase classname="backend.tests.test_hotel_pms_api.TestDashboard" name="test_revenue_chart" time="0.295" /><testcase classname="backend.tests.test_hotel_pms_api.TestDashboard" name="test_occupancy_chart" time="0.309" /><testcase classname="backend.tests.test_hotel_pms_api.TestDashboard" name="test_room_status_chart" time="0.305" /><testcase classname="backend.tests.test_hotel_pms_api.TestDashboard" name="test_payment_methods_chart" time="0.297" /><testcase classname="backend.tests.test_hotel_pms_api.TestDashboard" name="test_invoicing_status_chart" time="0.325" /><testcase classname="backend.tests.test_hotel_pms_api.TestDashboard" name="test_top_products_chart" time="0.304" /><testcase classname="backend.tests.test_hotel_pms_api.TestReservations" name="test_list_reservations" time="0.294" /><testcase classname="backend.tests.test_hotel_pms_api.TestReservations" name="test_reservations_without_auth" time="0.038" /><testcase classname="backend.tests.test_hotel_pms_api.TestHousekeeping" name="test_housekeeping_board" time="0.338" /><testcase classname="backend.tests.test_hotel_pms_api.TestHousekeeping" name="test_housekeeping_tasks" time="0.293" /><testcase classname="backend.tests.test_hotel_pms_api.TestCashShifts" name="test_list_cash_shifts" time="0.295" /><testcase classname="backend.tests.test_hotel_pms_api.TestCashShifts" name="test_current_cash_shift" time="0.297" /><testcase classname="backend.tests.test_hotel_pms_api.TestGuests" name="test_list_guests" time="0.296" /><testcase classname="backend.tests.test_hotel_pms_api.TestAlerts" name="test_list_alerts" time="0.293" /><testcase classname="backend.tests.test_hotel_pms_api.TestInvoices" name="test_list_invoices" time="0.297" /><testcase classname="backend.tests.test_hotel_pms_api.TestMaintenance" name="test_list_maintenance_tickets" time="0.296" /><testcase classname="backend.tests.test_hotel_pms_api.TestUsers" name="test_list_users" time="0.300" /><testcase classname="backend.tests.test_hotel_pms_api.TestAuditLogs" name="test_list_audit_logs" time="0.306" /><testcase classname="backend.tests.test_hotel_pms_api.TestSearch" name="test_global_search" time="0.294" /><testcase classname="backend.tests.test_hotel_pms_api.TestReportsExport" name="test_export_excel_occupancy" time="0.480" /><testcase classname="backend.tests.test_hotel_pms_api.TestReportsExport" name="test_export_pdf_occupancy" time="0.372" /><testcase classname="backend.tests.test_hotel_pms_api.TestReportsExport" name="test_export_excel_revenue" time="0.328" /><testcase classname="backend.tests.test_hotel_pms_api.TestReportsExport" name="test_export_pdf_revenue" time="0.344" /><testcase classname="backend.tests.test_hotel_pms_api.TestRatesManagement" name="test_list_rates" time="0.296" /><testcase classname="backend.tests.test_hotel_pms_api.TestRatesManagement" name="test_create_special_rate" time="0.372" /><testcase classname="backend.tests.test_hotel_pms_api.TestRatesManagement" name="test_calculate_rate_with_base_price" time="0.336" /><testcase classname="backend.tests.test_hotel_pms_api.TestRatesManagement" name="test_calculate_rate_with_special_rate" time="0.368" /><testcase classname="backend.tests.test_hotel_pms_api.TestRatesManagement" name="test_delete_rate" time="0.377" /><testcase classname="backend.tests.test_hotel_pms_api.TestUserManagement" name="test_create_user" time="0.519" /><testcase classname="backend.tests.test_hotel_pms_api.TestUserManagement" name="test_create_user_duplicate_email" time="0.297" /><testcase classname="backend.tests.test_hotel_pms_api.TestUserManagement" name="test_update_user_status_deactivate" time="0.631" /><testcase classname="backend.tests.test_hotel_pms_api.TestUserManagement" name="test_update_user_status_reactivate" time="0.891" /><testcase classname="backend.tests.test_hotel_pms_api.TestUserManagement" name="test_update_user_role" time="0.834" /><testcase classname="backend.tests.test_hotel_pms_api.TestTenantInvoicingConfig" name="test_get_tenant_with_invoicing_config" time="0.335" /><testcase classname="backend.tests.test_hotel_pms_api.TestTenantInvoicingConfig" name="test_update_invoicing_config_mock_mode" time="0.335" /><testcase classname="backend.tests.test_hotel_pms_api.TestTenantInvoicingConfig" name="test_update_invoicing_config_live_mode" time="0.408" /><testcase classname="backend.tests.test_hotel_pms_api.TestWalkin" name="test_walkin_create" time="0.337" /><testcase classname="backend.tests.test_hotel_pms_api.TestWalkin" name="test_walkin_invalid_room" time="0.297" /><testcase classname="backend.tests.test_hotel_pms_api.TestSuperAdminAuth" name="test_super_admin_login" time="0.259" /><testcase classname="backend.tests.test_hotel_pms_api.TestTenantsAPI" name="test_list_tenants_super_admin" time="0.296" /><testcase classname="backend.tests.test_hotel_pms_api.TestTenantsAPI" name="test_list_tenants_admin_forbidden" time="0.300" /><testcase classname="backend.tests.test_hotel_pms_api.TestTenantsAPI" name="test_get_tenant_detail" time="0.329" /><testcase classname="backend.tests.test_hotel_pms_api.TestMultiTenantIsolation" name="test_rooms_isolation" time="1.605" /><testcase classname="backend.tests.test_hotel_pms_api.TestMultiTenantIsolation" name="test_reservations_isolation" time="0.608" /><testcase classname="backend.tests.test_hotel_pms_api.TestRatesAPIIteration4" name="test_list_rates" time="0.290" /><testcase classname="backend.tests.test_hotel_pms_api.TestRatesAPIIteration4" name="test_create_rate" time="0.331" /><testcase classname="backend.tests.test_hotel_pms_api.TestRatesAPIIteration4" name="test_filter_rates_by_room_type" time="0.333" /><testcase classname="backend.tests.test_hotel_pms_api.TestGroupReservations" name="test_create_group_reservation" time="0.331" /><testcase classname="backend.tests.test_hotel_pms_api.TestGroupReservations" name="test_list_group_reservations" time="0.296" /><testcase classname="backend.tests.test_hotel_pms_api.TestGroupReservations" name="test_get_group_reservation_detail" time="0.343" /><testcase classname="backend.tests.test_hotel_pms_api.TestGroupReservations" name="test_group_reservation_invalid_dates" time="0.332" /><testcase classname="backend.tests.test_hotel_pms_api.TestCalendarAPI" name="test_get_calendar_reservations" time="0.356" /><testcase classname="backend.tests.test_hotel_pms_api.TestCalendarAPI" name="test_get_calendar_reservations_wide_range" time="0.314" /><testcase classname="backend.tests.test_hotel_pms_api.TestCalendarAPI" name="test_move_reservation_to_different_room" time="0.296"><skipped type="pytest.skip" message="No reservation with room assigned to test move">/app/backend/tests/test_hotel_pms_api.py:1385: No reservation with room assigned to test move</skipped></testcase><testcase classname="backend.tests.test_hotel_pms_api.TestCalendarAPI" name="test_move_reservation_invalid_room" time="0.340" /><testcase classname="backend.tests.test_hotel_pms_api.TestEmailNotifications" name="test_send_notification_skipped_no_api_key" time="0.305"><failure message="assert 422 == 200&#10; +  where 422 = &lt;Response [422]&gt;.status_code">backend/tests/test_hotel_pms_api.py:1465: in test_send_notification_skipped_no_api_key
    assert response.status_code == 200
E   assert 422 == 200
E    +  where 422 = &lt;Response [422]&gt;.status_code</failure></testcase><testcase classname="backend.tests.test_hotel_pms_api.TestEmailNotifications" name="test_send_checkin_notification" time="0.293"><failure message="assert 422 == 200&#10; +  where 422 = &lt;Response [422]&gt;.status_code">backend/tests/test_hotel_pms_api.py:1487: in test_send_checkin_notification
    assert response.status_code == 200
E   assert 422 == 200
E    +  where 422 = &lt;Response [422]&gt;.status_code</failure></testcase><testcase classname="backend.tests.test_hotel_pms_api.TestEmailNotifications" name="test_send_payment_receipt_notification" time="0.331"><failure message="assert 422 == 200&#10; +  where 422 = &lt;Response [422]&gt;.status_code">backend/tests/test_hotel_pms_api.py:1508: in test_send_payment_receipt_notification
    assert response.status_code == 200
E   assert 422 == 200
E    +  where 422 = &lt;Response [422]&gt;.status_code</failure></testcase><testcase classname="backend.tests.test_hotel_pms_api.TestEmailNotifications" name="test_get_notification_logs" time="0.324" /><testcase classname="backend.tests.test_hotel_pms_api.TestMultiTenantIsolationIteration5" name="test_group_reservations_isolation" time="0.583" /><testcase classname="backend.tests.test_hotel_pms_api.TestMultiTenantIsolationIteration5" name="test_calendar_reservations_isolation" time="0.613" /><testcase classname="backend.tests.test_hotel_pms_api.TestMultiTenantIsolationIteration5" name="test_notification_logs_isolation" time="0.590" /></testsuite></testsuites>