<?xml version="1.0" encoding="utf-8"?><testsuites name="pytest tests"><testsuite name="pytest" errors="0" failures="0" skipped="0" tests="62" time="65.667" timestamp="2026-02-13T06:56:39.526518+00:00" hostname="agent-env-b8f11497-7758-4909-9bb5-07c05034c0aa"><testcase classname="backend.tests.test_hotel_pms_api.TestHealthCheck" name="test_health_endpoint" time="0.071" /><testcase classname="backend.tests.test_hotel_pms_api.TestAuthentication" name="test_login_admin_success" time="0.272" /><testcase classname="backend.tests.test_hotel_pms_api.TestAuthentication" name="test_login_receptionist_success" time="0.266" /><testcase classname="backend.tests.test_hotel_pms_api.TestAuthentication" name="test_login_housekeeping_success" time="0.261" /><testcase classname="backend.tests.test_hotel_pms_api.TestAuthentication" name="test_login_invalid_credentials" time="0.265" /><testcase classname="backend.tests.test_hotel_pms_api.TestAuthentication" name="test_login_nonexistent_user" time="0.082" /><testcase classname="backend.tests.test_hotel_pms_api.TestAuthentication" name="test_me_endpoint_with_token" time="0.300" /><testcase classname="backend.tests.test_hotel_pms_api.TestAuthentication" name="test_me_endpoint_without_token" time="0.041" /><testcase classname="backend.tests.test_hotel_pms_api.TestRoomTypes" name="test_list_room_types" time="0.308" /><testcase classname="backend.tests.test_hotel_pms_api.TestRoomTypes" name="test_room_types_have_expected_names" time="0.294" /><testcase classname="backend.tests.test_hotel_pms_api.TestRooms" name="test_list_rooms" time="0.303" /><testcase classname="backend.tests.test_hotel_pms_api.TestRooms" name="test_rooms_have_required_fields" time="0.309" /><testcase classname="backend.tests.test_hotel_pms_api.TestRooms" name="test_filter_rooms_by_floor" time="0.294" /><testcase classname="backend.tests.test_hotel_pms_api.TestRooms" name="test_filter_rooms_by_housekeeping_status" time="0.299" /><testcase classname="backend.tests.test_hotel_pms_api.TestDashboard" name="test_dashboard_kpis" time="0.305" /><testcase classname="backend.tests.test_hotel_pms_api.TestDashboard" name="test_revenue_chart" time="0.298" /><testcase classname="backend.tests.test_hotel_pms_api.TestDashboard" name="test_occupancy_chart" time="0.304" /><testcase classname="backend.tests.test_hotel_pms_api.TestDashboard" name="test_room_status_chart" time="0.302" /><testcase classname="backend.tests.test_hotel_pms_api.TestDashboard" name="test_payment_methods_chart" time="0.298" /><testcase classname="backend.tests.test_hotel_pms_api.TestDashboard" name="test_invoicing_status_chart" time="0.330" /><testcase classname="backend.tests.test_hotel_pms_api.TestDashboard" name="test_top_products_chart" time="0.302" /><testcase classname="backend.tests.test_hotel_pms_api.TestReservations" name="test_list_reservations" time="0.298" /><testcase classname="backend.tests.test_hotel_pms_api.TestReservations" name="test_reservations_without_auth" time="0.036" /><testcase classname="backend.tests.test_hotel_pms_api.TestHousekeeping" name="test_housekeeping_board" time="0.296" /><testcase classname="backend.tests.test_hotel_pms_api.TestHousekeeping" name="test_housekeeping_tasks" time="0.294" /><testcase classname="backend.tests.test_hotel_pms_api.TestCashShifts" name="test_list_cash_shifts" time="0.292" /><testcase classname="backend.tests.test_hotel_pms_api.TestCashShifts" name="test_current_cash_shift" time="0.335" /><testcase classname="backend.tests.test_hotel_pms_api.TestGuests" name="test_list_guests" time="0.338" /><testcase classname="backend.tests.test_hotel_pms_api.TestAlerts" name="test_list_alerts" time="0.336" /><testcase classname="backend.tests.test_hotel_pms_api.TestInvoices" name="test_list_invoices" time="0.337" /><testcase classname="backend.tests.test_hotel_pms_api.TestMaintenance" name="test_list_maintenance_tickets" time="0.297" /><testcase classname="backend.tests.test_hotel_pms_api.TestUsers" name="test_list_users" time="0.340" /><testcase classname="backend.tests.test_hotel_pms_api.TestAuditLogs" name="test_list_audit_logs" time="0.298" /><testcase classname="backend.tests.test_hotel_pms_api.TestSearch" name="test_global_search" time="0.295" /><testcase classname="backend.tests.test_hotel_pms_api.TestReportsExport" name="test_export_excel_occupancy" time="0.707" /><testcase classname="backend.tests.test_hotel_pms_api.TestReportsExport" name="test_export_pdf_occupancy" time="0.398" /><testcase classname="backend.tests.test_hotel_pms_api.TestReportsExport" name="test_export_excel_revenue" time="0.302" /><testcase classname="backend.tests.test_hotel_pms_api.TestReportsExport" name="test_export_pdf_revenue" time="0.299" /><testcase classname="backend.tests.test_hotel_pms_api.TestRatesManagement" name="test_list_rates" time="0.293" /><testcase classname="backend.tests.test_hotel_pms_api.TestRatesManagement" name="test_create_special_rate" time="0.328" /><testcase classname="backend.tests.test_hotel_pms_api.TestRatesManagement" name="test_calculate_rate_with_base_price" time="0.371" /><testcase classname="backend.tests.test_hotel_pms_api.TestRatesManagement" name="test_calculate_rate_with_special_rate" time="0.368" /><testcase classname="backend.tests.test_hotel_pms_api.TestRatesManagement" name="test_delete_rate" time="0.372" /><testcase classname="backend.tests.test_hotel_pms_api.TestUserManagement" name="test_create_user" time="0.516" /><testcase classname="backend.tests.test_hotel_pms_api.TestUserManagement" name="test_create_user_duplicate_email" time="0.301" /><testcase classname="backend.tests.test_hotel_pms_api.TestUserManagement" name="test_update_user_status_deactivate" time="0.592" /><testcase classname="backend.tests.test_hotel_pms_api.TestUserManagement" name="test_update_user_status_reactivate" time="0.896" /><testcase classname="backend.tests.test_hotel_pms_api.TestUserManagement" name="test_update_user_role" time="0.837" /><testcase classname="backend.tests.test_hotel_pms_api.TestTenantInvoicingConfig" name="test_get_tenant_with_invoicing_config" time="0.374" /><testcase classname="backend.tests.test_hotel_pms_api.TestTenantInvoicingConfig" name="test_update_invoicing_config_mock_mode" time="0.336" /><testcase classname="backend.tests.test_hotel_pms_api.TestTenantInvoicingConfig" name="test_update_invoicing_config_live_mode" time="35.548" /><testcase classname="backend.tests.test_hotel_pms_api.TestWalkin" name="test_walkin_create" time="2.417" /><testcase classname="backend.tests.test_hotel_pms_api.TestWalkin" name="test_walkin_invalid_room" time="0.310" /><testcase classname="backend.tests.test_hotel_pms_api.TestSuperAdminAuth" name="test_super_admin_login" time="0.260" /><testcase classname="backend.tests.test_hotel_pms_api.TestTenantsAPI" name="test_list_tenants_super_admin" time="4.436" /><testcase classname="backend.tests.test_hotel_pms_api.TestTenantsAPI" name="test_list_tenants_admin_forbidden" time="0.320" /><testcase classname="backend.tests.test_hotel_pms_api.TestTenantsAPI" name="test_get_tenant_detail" time="1.343" /><testcase classname="backend.tests.test_hotel_pms_api.TestMultiTenantIsolation" name="test_rooms_isolation" time="2.665" /><testcase classname="backend.tests.test_hotel_pms_api.TestMultiTenantIsolation" name="test_reservations_isolation" time="0.632" /><testcase classname="backend.tests.test_hotel_pms_api.TestRatesAPIIteration4" name="test_list_rates" time="0.324" /><testcase classname="backend.tests.test_hotel_pms_api.TestRatesAPIIteration4" name="test_create_rate" time="0.338" /><testcase classname="backend.tests.test_hotel_pms_api.TestRatesAPIIteration4" name="test_filter_rates_by_room_type" time="0.337" /></testsuite></testsuites>