<?xml version="1.0" encoding="utf-8"?><testsuites name="pytest tests"><testsuite name="pytest" errors="0" failures="0" skipped="0" tests="34" time="9.493" timestamp="2026-02-13T06:12:17.543439+00:00" hostname="agent-env-b8f11497-7758-4909-9bb5-07c05034c0aa"><testcase classname="backend.tests.test_hotel_pms_api.TestHealthCheck" name="test_health_endpoint" time="0.094" /><testcase classname="backend.tests.test_hotel_pms_api.TestAuthentication" name="test_login_admin_success" time="0.288" /><testcase classname="backend.tests.test_hotel_pms_api.TestAuthentication" name="test_login_receptionist_success" time="0.264" /><testcase classname="backend.tests.test_hotel_pms_api.TestAuthentication" name="test_login_housekeeping_success" time="0.273" /><testcase classname="backend.tests.test_hotel_pms_api.TestAuthentication" name="test_login_invalid_credentials" time="0.274" /><testcase classname="backend.tests.test_hotel_pms_api.TestAuthentication" name="test_login_nonexistent_user" time="0.053" /><testcase classname="backend.tests.test_hotel_pms_api.TestAuthentication" name="test_me_endpoint_with_token" time="0.331" /><testcase classname="backend.tests.test_hotel_pms_api.TestAuthentication" name="test_me_endpoint_without_token" time="0.039" /><testcase classname="backend.tests.test_hotel_pms_api.TestRoomTypes" name="test_list_room_types" time="0.302" /><testcase classname="backend.tests.test_hotel_pms_api.TestRoomTypes" name="test_room_types_have_expected_names" time="0.304" /><testcase classname="backend.tests.test_hotel_pms_api.TestRooms" name="test_list_rooms" time="0.311" /><testcase classname="backend.tests.test_hotel_pms_api.TestRooms" name="test_rooms_have_required_fields" time="0.306" /><testcase classname="backend.tests.test_hotel_pms_api.TestRooms" name="test_filter_rooms_by_floor" time="0.304" /><testcase classname="backend.tests.test_hotel_pms_api.TestRooms" name="test_filter_rooms_by_housekeeping_status" time="0.298" /><testcase classname="backend.tests.test_hotel_pms_api.TestDashboard" name="test_dashboard_kpis" time="0.307" /><testcase classname="backend.tests.test_hotel_pms_api.TestDashboard" name="test_revenue_chart" time="0.297" /><testcase classname="backend.tests.test_hotel_pms_api.TestDashboard" name="test_occupancy_chart" time="0.311" /><testcase classname="backend.tests.test_hotel_pms_api.TestDashboard" name="test_room_status_chart" time="0.335" /><testcase classname="backend.tests.test_hotel_pms_api.TestDashboard" name="test_payment_methods_chart" time="0.296" /><testcase classname="backend.tests.test_hotel_pms_api.TestDashboard" name="test_invoicing_status_chart" time="0.327" /><testcase classname="backend.tests.test_hotel_pms_api.TestDashboard" name="test_top_products_chart" time="0.298" /><testcase classname="backend.tests.test_hotel_pms_api.TestReservations" name="test_list_reservations" time="0.294" /><testcase classname="backend.tests.test_hotel_pms_api.TestReservations" name="test_reservations_without_auth" time="0.043" /><testcase classname="backend.tests.test_hotel_pms_api.TestHousekeeping" name="test_housekeeping_board" time="0.303" /><testcase classname="backend.tests.test_hotel_pms_api.TestHousekeeping" name="test_housekeeping_tasks" time="0.293" /><testcase classname="backend.tests.test_hotel_pms_api.TestCashShifts" name="test_list_cash_shifts" time="0.301" /><testcase classname="backend.tests.test_hotel_pms_api.TestCashShifts" name="test_current_cash_shift" time="0.295" /><testcase classname="backend.tests.test_hotel_pms_api.TestGuests" name="test_list_guests" time="0.299" /><testcase classname="backend.tests.test_hotel_pms_api.TestAlerts" name="test_list_alerts" time="0.300" /><testcase classname="backend.tests.test_hotel_pms_api.TestInvoices" name="test_list_invoices" time="0.338" /><testcase classname="backend.tests.test_hotel_pms_api.TestMaintenance" name="test_list_maintenance_tickets" time="0.298" /><testcase classname="backend.tests.test_hotel_pms_api.TestUsers" name="test_list_users" time="0.298" /><testcase classname="backend.tests.test_hotel_pms_api.TestAuditLogs" name="test_list_audit_logs" time="0.297" /><testcase classname="backend.tests.test_hotel_pms_api.TestSearch" name="test_global_search" time="0.301" /></testsuite></testsuites>